<?xml version="1.0" encoding="UTF-8"?>
<!-- Generated by org.testng.reporters.JUnitReportReporter -->
<testsuite hostname="HPERLAPPACHECONI" name="pe.com.hitss.testcases.T_automationExam" tests="2" failures="0" timestamp="25 Oct 2019 20:17:51 GMT" time="44.212" errors="0">
  <testcase name="aniadirCotizacionNatural" time="44.209" classname="pe.com.hitss.testcases.T_automationExam"/>
  <testcase name="Ingreso" time="0.003" classname="pe.com.hitss.testcases.T_automationExam"/>
</testsuite> <!-- pe.com.hitss.testcases.T_automationExam -->
