<?xml version="1.0" encoding="UTF-8"?>
<!-- Generated by org.testng.reporters.JUnitReportReporter -->
<testsuite hostname="HPERLAPPACHENI" name="pe.com.hitss.testcases.T_validarCambioEquipo_DTH" tests="2" failures="0" timestamp="7 Aug 2018 19:26:08 GMT" time="9.083" errors="0">
  <testcase name="Ingreso" time="0.215" classname="pe.com.hitss.testcases.T_validarCambioEquipo_DTH"/>
  <testcase name="aniadirCotizacionNatural" time="8.868" classname="pe.com.hitss.testcases.T_validarCambioEquipo_DTH"/>
</testsuite> <!-- pe.com.hitss.testcases.T_validarCambioEquipo_DTH -->
