<?xml version="1.0" encoding="UTF-8"?>
<!-- Generated by org.testng.reporters.JUnitReportReporter -->
<testsuite hostname="HPERLAPPACHENI" name="pe.com.hitss.testcases.T_validarCliente" tests="2" failures="0" timestamp="24 Jul 2018 23:25:26 GMT" time="14.856" errors="0">
  <testcase name="aniadirCotizacionNatural" time="14.693" classname="pe.com.hitss.testcases.T_validarCliente"/>
  <testcase name="Ingreso" time="0.163" classname="pe.com.hitss.testcases.T_validarCliente"/>
</testsuite> <!-- pe.com.hitss.testcases.T_validarCliente -->
