<?xml version="1.0" encoding="UTF-8"?>
<!-- Generated by org.testng.reporters.JUnitReportReporter -->
<testsuite skipped="0" hostname="HPERLAPPACHECONI" name="pe.com.hitss.testcases.T_automationExam" tests="2" failures="0" timestamp="25 oct 2019 21:02:50 GMT" time="387.563" errors="0">
  <testcase name="Ingreso" time="0.005" classname="pe.com.hitss.testcases.T_automationExam"/>
  <testcase name="aniadirCotizacionNatural" time="387.558" classname="pe.com.hitss.testcases.T_automationExam"/>
</testsuite> <!-- pe.com.hitss.testcases.T_automationExam -->
