<?xml version="1.0" encoding="UTF-8"?>
<!-- Generated by org.testng.reporters.JUnitReportReporter -->
<testsuite hostname="HPERLAPPACHENI" name="pe.com.hitss.testcases.T_Inicio_Test" tests="1" failures="0" timestamp="6 Aug 2018 15:06:25 GMT" time="0.021" errors="0">
  <testcase name="Inicio" time="0.021" classname="pe.com.hitss.testcases.T_Inicio_Test"/>
</testsuite> <!-- pe.com.hitss.testcases.T_Inicio_Test -->
